{
  "RSpec": {
    "coverage": {
      "/Users/kotohata/Project/bungaku/app/models/user.rb": [
        1,
        1,
        1,
        null,
        null,
        1,
        null,
        null,
        null,
        1,
        1,
        1,
        1,
        null,
        1,
        null,
        1,
        null,
        1,
        null,
        null,
        1,
        0,
        null,
        null
      ],
      "/Users/kotohata/Project/bungaku/lib/validators/email_validator.rb": [
        1,
        1,
        3,
        0,
        null,
        null,
        null
      ],
      "/Users/kotohata/Project/bungaku/app/controllers/application_controller.rb": [
        1,
        1,
        null,
        1,
        1,
        null,
        1,
        0,
        0,
        0,
        0,
        null,
        null,
        null,
        1,
        0,
        0,
        0,
        0,
        null,
        null,
        null,
        1,
        0,
        null,
        1,
        0,
        0,
        null,
        null
      ],
      "/Users/kotohata/Project/bungaku/app/helpers/application_helper.rb": [
        1,
        null
      ],
      "/Users/kotohata/Project/bungaku/app/helpers/branches_helper.rb": [
        1,
        null
      ],
      "/Users/kotohata/Project/bungaku/app/helpers/home_helper.rb": [
        1,
        null
      ],
      "/Users/kotohata/Project/bungaku/app/helpers/kommits_helper.rb": [
        1,
        null
      ],
      "/Users/kotohata/Project/bungaku/app/helpers/repositories_helper.rb": [
        1,
        null
      ],
      "/Users/kotohata/Project/bungaku/app/helpers/text_repositories_helper.rb": [
        1,
        null
      ],
      "/Users/kotohata/Project/bungaku/app/helpers/users_helper.rb": [
        1,
        null
      ],
      "/Users/kotohata/Project/bungaku/app/controllers/admin/branches_controller.rb": [
        1,
        1,
        1,
        null,
        1,
        0,
        null,
        0,
        0,
        0,
        null,
        null,
        null,
        1,
        0,
        0,
        null,
        null,
        1,
        0,
        0,
        null,
        0,
        0,
        0,
        0,
        null,
        0,
        0,
        null,
        null,
        null,
        null,
        1,
        0,
        0,
        null,
        0,
        0,
        0,
        null,
        null,
        null,
        null
      ],
      "/Users/kotohata/Project/bungaku/app/models/branch.rb": [
        1,
        1,
        1,
        1,
        1,
        1,
        1,
        null,
        1,
        0,
        null,
        null
      ],
      "/Users/kotohata/Project/bungaku/app/controllers/admin/kommits_controller.rb": [
        1,
        1,
        1,
        1,
        1,
        1,
        0,
        null,
        0,
        0,
        0,
        null,
        null,
        null,
        1,
        0,
        0,
        null,
        0,
        0,
        0,
        null,
        null,
        null,
        1,
        0,
        0,
        null,
        0,
        0,
        0,
        null,
        null,
        null,
        1,
        0,
        0,
        0,
        0,
        0,
        null,
        0,
        0,
        0,
        0,
        null,
        0,
        0,
        null,
        null,
        null,
        null,
        1,
        0,
        0,
        null,
        0,
        0,
        0,
        null,
        null,
        null,
        1,
        null,
        1,
        0,
        null,
        null,
        1,
        0,
        0,
        null,
        null,
        1,
        0,
        0,
        0,
        null,
        null,
        null,
        null,
        1,
        0,
        null,
        null,
        null
      ],
      "/Users/kotohata/Project/bungaku/app/models/kommit.rb": [
        1,
        1,
        1,
        null,
        1,
        1,
        1,
        1,
        null,
        1,
        1,
        null,
        null,
        1,
        0,
        null,
        null,
        1,
        0,
        0,
        null,
        null,
        null,
        1,
        0,
        null,
        null,
        1,
        0,
        null,
        null,
        1,
        0,
        null,
        null,
        null,
        null,
        null
      ],
      "/Users/kotohata/Project/bungaku/app/controllers/admin/repositories_controller.rb": [
        1,
        1,
        1,
        1,
        1,
        0,
        null,
        0,
        0,
        0,
        null,
        null,
        null,
        1,
        0,
        null,
        0,
        0,
        0,
        null,
        null,
        null,
        1,
        0,
        null,
        null,
        1,
        0,
        null,
        0,
        0,
        0,
        0,
        null,
        0,
        0,
        null,
        null,
        null,
        null,
        1,
        0,
        0,
        null,
        0,
        0,
        0,
        null,
        null,
        null,
        null
      ],
      "/Users/kotohata/Project/bungaku/app/models/repository.rb": [
        1,
        1,
        1,
        1,
        1,
        1,
        1,
        1,
        null,
        1,
        null,
        1,
        0,
        null,
        1,
        0,
        null,
        1,
        0,
        null,
        1,
        0,
        null,
        null,
        1,
        1,
        null,
        null,
        1,
        0,
        0,
        0,
        0,
        0,
        null,
        null,
        1,
        7,
        null,
        null,
        null,
        1,
        4,
        null,
        null,
        1,
        1,
        null,
        null,
        1,
        1,
        0,
        null,
        null,
        null
      ],
      "/Users/kotohata/Project/bungaku/app/controllers/admin/reverts_controller.rb": [
        1,
        1,
        null,
        1,
        0,
        0,
        0,
        0,
        null,
        0,
        0,
        0,
        0,
        0,
        0,
        null,
        null,
        null,
        null,
        0,
        null,
        null,
        null,
        null
      ],
      "/Users/kotohata/Project/bungaku/app/controllers/admin/text_repositories_controller.rb": [
        1,
        1,
        1,
        1,
        0,
        null,
        0,
        0,
        0,
        null,
        null,
        null,
        1,
        0,
        null,
        0,
        0,
        0,
        null,
        null,
        null,
        1,
        0,
        null,
        null,
        1,
        0,
        null,
        0,
        0,
        0,
        0,
        null,
        0,
        0,
        null,
        null,
        null,
        null,
        null,
        null
      ],
      "/Users/kotohata/Project/bungaku/app/models/text_repository.rb": [
        1,
        1,
        1,
        null
      ],
      "/Users/kotohata/Project/bungaku/app/controllers/branches_controller.rb": [
        1,
        1,
        0,
        null,
        0,
        0,
        0,
        null,
        null,
        null,
        1,
        0,
        null,
        0,
        0,
        0,
        null,
        null,
        null,
        null
      ],
      "/Users/kotohata/Project/bungaku/app/controllers/home/repositories_controller.rb": [
        1,
        1,
        1,
        0,
        null,
        0,
        0,
        0,
        null,
        null,
        null,
        null
      ],
      "/Users/kotohata/Project/bungaku/app/controllers/home/text_repositories_controller.rb": [
        1,
        1,
        1,
        0,
        null,
        0,
        0,
        0,
        null,
        null,
        null,
        null
      ],
      "/Users/kotohata/Project/bungaku/app/controllers/home_controller.rb": [
        1,
        1,
        0,
        null,
        null
      ],
      "/Users/kotohata/Project/bungaku/app/controllers/kommits_controller.rb": [
        1,
        1,
        0,
        null,
        0,
        0,
        0,
        null,
        null,
        null,
        1,
        0,
        null,
        0,
        0,
        0,
        null,
        null,
        null
      ],
      "/Users/kotohata/Project/bungaku/app/controllers/repositories_controller.rb": [
        1,
        1,
        null,
        1,
        0,
        null,
        0,
        0,
        0,
        null,
        null,
        null,
        1,
        0,
        0,
        null,
        0,
        0,
        null,
        null,
        null,
        null,
        1,
        0,
        null,
        0,
        0,
        0,
        null,
        null,
        null,
        null
      ],
      "/Users/kotohata/Project/bungaku/app/controllers/text_repositories_controller.rb": [
        1,
        1,
        1,
        0,
        null,
        0,
        0,
        0,
        null,
        null,
        null,
        1,
        0,
        null,
        0,
        0,
        0,
        null,
        null,
        null,
        1,
        0,
        0,
        null,
        0,
        0,
        0,
        null,
        null,
        null,
        1,
        0,
        null,
        0,
        0,
        0,
        0,
        null,
        0,
        0,
        null,
        null,
        null,
        null,
        null
      ],
      "/Users/kotohata/Project/bungaku/app/controllers/users_controller.rb": [
        1,
        1,
        null,
        1,
        0,
        null,
        0,
        0,
        0,
        null,
        null,
        null,
        null,
        1,
        0,
        null,
        null,
        1,
        0,
        null,
        0,
        0,
        0,
        0,
        null,
        0,
        0,
        null,
        null,
        null,
        null,
        1,
        0,
        0,
        null,
        0,
        0,
        0,
        null,
        null,
        null
      ],
      "/Users/kotohata/Project/bungaku/app/models/branch_kommit.rb": [
        1,
        1,
        1,
        1,
        null
      ],
      "/Users/kotohata/Project/bungaku/app/models/kommit_observer.rb": [
        1,
        1,
        1,
        1,
        1,
        1,
        null,
        null,
        1,
        1,
        null,
        null
      ],
      "/Users/kotohata/Project/bungaku/app/models/language.rb": [
        1,
        1,
        null,
        1,
        null
      ],
      "/Users/kotohata/Project/bungaku/app/models/post.rb": [
        1,
        1,
        1,
        1,
        null,
        1,
        0,
        0,
        null,
        null,
        1,
        0,
        0,
        null,
        null
      ],
      "/Users/kotohata/Project/bungaku/app/models/post_observer.rb": [
        1,
        1,
        1,
        1,
        2,
        1,
        2,
        null,
        null,
        1,
        0,
        0,
        0,
        0,
        0,
        0,
        0,
        0,
        null,
        0,
        0,
        null,
        0,
        null,
        null,
        1,
        0,
        null,
        null,
        1,
        0,
        0,
        0,
        null,
        null,
        null
      ],
      "/Users/kotohata/Project/bungaku/app/models/repository_observer.rb": [
        1,
        1,
        1,
        1,
        1,
        1,
        1,
        null,
        null,
        null,
        1,
        1,
        1,
        1,
        1,
        1,
        1,
        null,
        null,
        1,
        0,
        null,
        null
      ],
      "/Users/kotohata/Project/bungaku/app/models/repository_type.rb": [
        1,
        1,
        1,
        1,
        null,
        1,
        null
      ],
      "/Users/kotohata/Project/bungaku/app/models/sex.rb": [
        1,
        1,
        1,
        null,
        1,
        null,
        1,
        null
      ]
    },
    "timestamp": 1352902215
  }
}
