{
  "RSpec": {
    "coverage": {
      "/Users/kotohata/Dropbox/bungaku/app/models/user.rb": [
        1,
        1,
        1,
        null,
        null,
        1,
        null,
        null,
        null,
        1,
        1,
        1,
        1,
        null,
        1,
        null,
        1,
        null,
        1,
        null,
        null,
        1,
        1,
        null,
        null
      ],
      "/Users/kotohata/Dropbox/bungaku/lib/validators/email_validator.rb": [
        1,
        1,
        160,
        3,
        null,
        null,
        null
      ],
      "/Users/kotohata/Dropbox/bungaku/app/controllers/application_controller.rb": [
        1,
        1,
        null,
        1,
        1,
        null,
        1,
        18,
        18,
        2,
        null,
        null,
        null,
        1,
        17,
        17,
        0,
        null,
        null,
        null,
        1,
        17,
        17,
        1,
        null,
        null,
        null,
        1,
        0,
        null,
        1,
        92,
        92,
        null,
        null,
        null,
        null,
        null,
        1,
        1,
        3,
        3,
        null,
        null,
        1,
        18,
        18,
        18,
        0,
        0,
        null,
        null,
        null,
        1,
        5,
        5,
        5,
        1,
        1,
        null,
        null,
        null,
        null,
        null
      ],
      "/Users/kotohata/Dropbox/bungaku/app/helpers/application_helper.rb": [
        1,
        null
      ],
      "/Users/kotohata/Dropbox/bungaku/app/helpers/branches_helper.rb": [
        1,
        null
      ],
      "/Users/kotohata/Dropbox/bungaku/app/helpers/home_helper.rb": [
        1,
        null
      ],
      "/Users/kotohata/Dropbox/bungaku/app/helpers/kommits_helper.rb": [
        1,
        null
      ],
      "/Users/kotohata/Dropbox/bungaku/app/helpers/repositories_helper.rb": [
        1,
        null
      ],
      "/Users/kotohata/Dropbox/bungaku/app/helpers/text_repositories_helper.rb": [
        1,
        null
      ],
      "/Users/kotohata/Dropbox/bungaku/app/helpers/users_helper.rb": [
        1,
        null
      ],
      "/Users/kotohata/Dropbox/bungaku/app/controllers/admin/branches_controller.rb": [
        1,
        1,
        1,
        null,
        1,
        null,
        1,
        0,
        null,
        0,
        0,
        0,
        null,
        null,
        null,
        1,
        2,
        2,
        null,
        2,
        2,
        2,
        null,
        null,
        null,
        1,
        6,
        6,
        null,
        6,
        6,
        4,
        8,
        4,
        null,
        4,
        2,
        null,
        null,
        null,
        null,
        1,
        3,
        3,
        1,
        null,
        1,
        2,
        1,
        null,
        null,
        2,
        4,
        2,
        null,
        null,
        null,
        null,
        null
      ],
      "/Users/kotohata/Dropbox/bungaku/app/models/branch.rb": [
        1,
        1,
        1,
        1,
        1,
        1,
        1,
        1,
        1,
        null,
        null,
        1,
        1,
        1,
        1,
        25,
        7,
        null,
        null,
        1,
        3,
        3,
        3,
        null,
        null,
        null,
        null,
        null,
        1,
        40,
        40,
        83,
        83,
        null,
        null,
        null,
        null,
        null,
        1,
        3,
        null,
        null,
        1,
        35,
        35,
        35,
        35,
        null,
        null,
        null,
        1,
        216,
        216,
        216,
        216,
        null,
        null,
        null,
        null,
        1,
        213,
        null,
        null,
        1,
        213,
        213,
        213,
        213,
        null,
        null,
        1,
        37,
        37,
        37,
        37,
        37,
        37,
        null,
        37,
        null,
        null,
        1,
        5,
        3,
        3,
        3,
        3,
        3,
        3,
        3,
        2,
        null,
        null,
        3,
        null,
        3,
        null,
        null,
        null,
        2,
        null,
        null,
        null,
        1,
        3,
        null,
        null,
        1,
        2,
        2,
        2,
        null,
        null,
        null,
        null,
        1,
        3,
        3,
        3,
        null,
        null,
        null,
        null,
        1,
        16,
        16,
        16,
        16,
        16,
        null,
        null,
        null,
        null,
        null
      ],
      "/Users/kotohata/Dropbox/bungaku/app/controllers/admin/kommits_controller.rb": [
        1,
        1,
        1,
        1,
        1,
        1,
        1,
        1,
        null,
        1,
        1,
        1,
        null,
        null,
        null,
        1,
        1,
        1,
        1,
        1,
        null,
        null,
        null,
        1,
        1,
        1,
        1,
        1,
        null,
        1,
        1,
        1,
        null,
        null,
        null,
        null,
        1,
        4,
        4,
        4,
        4,
        null,
        4,
        4,
        4,
        2,
        null,
        4,
        2,
        null,
        null,
        null,
        null,
        null,
        1,
        0,
        0,
        null,
        0,
        0,
        0,
        null,
        null,
        null,
        null,
        1,
        null,
        1,
        8,
        null,
        null,
        null,
        null,
        null
      ],
      "/Users/kotohata/Dropbox/bungaku/app/models/kommit.rb": [
        1,
        1,
        1,
        1,
        1,
        null,
        1,
        1,
        1,
        1,
        1,
        null,
        null,
        1,
        231,
        null,
        null,
        1,
        13,
        0,
        null,
        38,
        null,
        null,
        null,
        1,
        0,
        0,
        0,
        null,
        0,
        0,
        null,
        null,
        null,
        null,
        1,
        5,
        null,
        null,
        1,
        4,
        null,
        null,
        1,
        3,
        null,
        null,
        1,
        4,
        4,
        4,
        4,
        4,
        null,
        null,
        null,
        null,
        null,
        null,
        null
      ],
      "/Users/kotohata/Dropbox/bungaku/app/controllers/admin/merges_controller.rb": [
        null,
        1,
        1,
        1,
        null,
        1,
        2,
        2,
        null,
        null,
        1,
        4,
        4,
        null,
        4,
        4,
        3,
        6,
        3,
        null,
        2,
        null,
        null,
        null,
        null,
        null
      ],
      "/Users/kotohata/Dropbox/bungaku/app/controllers/admin/posts_controller.rb": [
        1,
        1,
        null,
        1,
        3,
        3,
        3,
        null,
        null,
        1,
        5,
        5,
        5,
        5,
        null,
        5,
        5,
        3,
        6,
        null,
        2,
        4,
        null,
        null,
        null,
        null,
        null,
        1,
        5,
        5,
        5,
        5,
        5,
        4,
        null,
        3,
        3,
        6,
        null,
        null,
        null,
        null,
        null,
        1,
        1,
        1,
        1,
        1,
        null,
        1,
        2,
        1,
        null,
        null,
        null,
        null,
        null
      ],
      "/Users/kotohata/Dropbox/bungaku/app/models/post.rb": [
        1,
        1,
        1,
        1,
        null,
        1,
        null,
        null,
        1,
        2,
        2,
        null,
        null,
        1,
        229,
        458,
        229,
        458,
        null,
        null,
        null,
        null,
        1,
        1,
        1,
        null,
        null,
        1,
        0,
        0,
        0,
        null,
        null,
        1,
        231,
        231,
        null,
        null,
        null
      ],
      "/Users/kotohata/Dropbox/bungaku/app/controllers/admin/repositories_controller.rb": [
        1,
        1,
        1,
        1,
        1,
        1,
        null,
        1,
        1,
        1,
        null,
        null,
        null,
        1,
        1,
        null,
        1,
        1,
        1,
        null,
        null,
        null,
        1,
        1,
        null,
        null,
        1,
        5,
        null,
        5,
        5,
        4,
        2,
        null,
        6,
        3,
        null,
        null,
        null,
        null,
        1,
        2,
        2,
        null,
        2,
        4,
        2,
        null,
        null,
        null,
        null
      ],
      "/Users/kotohata/Dropbox/bungaku/app/models/repository.rb": [
        1,
        1,
        1,
        1,
        1,
        1,
        1,
        1,
        1,
        null,
        1,
        null,
        1,
        40,
        null,
        null,
        null,
        null,
        1,
        38,
        null,
        1,
        1,
        null,
        1,
        2,
        null,
        1,
        2,
        null,
        null,
        1,
        122,
        null,
        null,
        null,
        1,
        3195,
        null,
        null,
        null,
        1,
        1318,
        null,
        null,
        1,
        122,
        null,
        null,
        1,
        221,
        null,
        null,
        1,
        512,
        null,
        null,
        1,
        174,
        174,
        174,
        174,
        174,
        174,
        null,
        174,
        174,
        null,
        null,
        null,
        null,
        null,
        0,
        null,
        null,
        1,
        173,
        null,
        null,
        1,
        347,
        139,
        139,
        139,
        3,
        null,
        null,
        3,
        3,
        null,
        null,
        null,
        null,
        1,
        5,
        null,
        null,
        null,
        1,
        349,
        349,
        349,
        349,
        null,
        null,
        null,
        null,
        1,
        144,
        null,
        null,
        null,
        null,
        null
      ],
      "/Users/kotohata/Dropbox/bungaku/app/controllers/admin/reverts_controller.rb": [
        1,
        1,
        1,
        1,
        null,
        1,
        4,
        4,
        4,
        4,
        4,
        null,
        4,
        null,
        null,
        4,
        4,
        null,
        4,
        4,
        null,
        null,
        null,
        null,
        null
      ],
      "/Users/kotohata/Dropbox/bungaku/app/controllers/admin/text_repositories_controller.rb": [
        1,
        1,
        1,
        null,
        1,
        1,
        null,
        1,
        1,
        1,
        null,
        null,
        null,
        1,
        1,
        null,
        1,
        1,
        1,
        null,
        null,
        null,
        1,
        1,
        null,
        null,
        1,
        5,
        null,
        5,
        5,
        4,
        2,
        null,
        6,
        3,
        null,
        null,
        null,
        null,
        null,
        null
      ],
      "/Users/kotohata/Dropbox/bungaku/app/models/text_repository.rb": [
        1,
        1,
        1,
        null
      ],
      "/Users/kotohata/Dropbox/bungaku/app/controllers/branches_controller.rb": [
        1,
        1,
        1,
        null,
        1,
        1,
        1,
        null,
        null,
        null,
        1,
        1,
        null,
        1,
        1,
        1,
        null,
        null,
        null,
        null
      ],
      "/Users/kotohata/Dropbox/bungaku/app/controllers/diffs_controller.rb": [
        1,
        null,
        1,
        2,
        2,
        2,
        2,
        null,
        null,
        null
      ],
      "/Users/kotohata/Dropbox/bungaku/app/controllers/home/repositories_controller.rb": [
        1,
        1,
        1,
        0,
        null,
        0,
        0,
        0,
        null,
        null,
        null,
        null
      ],
      "/Users/kotohata/Dropbox/bungaku/app/controllers/home/text_repositories_controller.rb": [
        1,
        1,
        1,
        0,
        null,
        0,
        0,
        0,
        null,
        null,
        null,
        null
      ],
      "/Users/kotohata/Dropbox/bungaku/app/controllers/home_controller.rb": [
        1,
        1,
        0,
        null,
        null
      ],
      "/Users/kotohata/Dropbox/bungaku/app/controllers/kommits_controller.rb": [
        1,
        1,
        1,
        null,
        1,
        1,
        1,
        null,
        null,
        null,
        1,
        1,
        1,
        null,
        1,
        1,
        1,
        null,
        null,
        null
      ],
      "/Users/kotohata/Dropbox/bungaku/app/controllers/repositories_controller.rb": [
        1,
        1,
        null,
        1,
        1,
        null,
        1,
        1,
        1,
        null,
        null,
        null,
        1,
        0,
        null,
        0,
        0,
        0,
        null,
        null,
        null,
        1,
        1,
        null,
        1,
        1,
        1,
        null,
        null,
        null,
        null
      ],
      "/Users/kotohata/Dropbox/bungaku/app/controllers/text_repositories_controller.rb": [
        1,
        1,
        1,
        1,
        1,
        null,
        1,
        1,
        1,
        null,
        null,
        null,
        1,
        0,
        null,
        0,
        0,
        0,
        null,
        null,
        null,
        1,
        1,
        null,
        null,
        1,
        1,
        1,
        null,
        null,
        null,
        1,
        null,
        5,
        null,
        5,
        5,
        6,
        3,
        null,
        4,
        2,
        null,
        null,
        null,
        null,
        null
      ],
      "/Users/kotohata/Dropbox/bungaku/app/controllers/users_controller.rb": [
        1,
        1,
        null,
        1,
        1,
        null,
        1,
        1,
        1,
        null,
        null,
        null,
        null,
        1,
        1,
        null,
        null,
        1,
        6,
        null,
        6,
        6,
        6,
        3,
        null,
        6,
        3,
        null,
        null,
        null,
        null,
        1,
        3,
        3,
        null,
        3,
        6,
        3,
        null,
        null,
        null
      ],
      "/Users/kotohata/Dropbox/bungaku/app/models/branch_kommit.rb": [
        1,
        1,
        1,
        1,
        null
      ],
      "/Users/kotohata/Dropbox/bungaku/app/models/branch_observer.rb": [
        1,
        null,
        null,
        null,
        1,
        158,
        null,
        null,
        1,
        null,
        158,
        37,
        37,
        37,
        37,
        null,
        null,
        null,
        null,
        1,
        2,
        null,
        null,
        null,
        1,
        1,
        37,
        null,
        null
      ],
      "/Users/kotohata/Dropbox/bungaku/app/models/kommit_observer.rb": [
        1,
        1,
        217,
        null,
        null,
        1,
        217,
        null,
        null,
        1,
        1,
        211,
        211,
        null,
        211,
        null,
        0,
        0,
        null,
        null
      ],
      "/Users/kotohata/Dropbox/bungaku/app/models/language.rb": [
        1,
        1,
        null,
        1,
        null
      ],
      "/Users/kotohata/Dropbox/bungaku/app/models/post_observer.rb": [
        1,
        1,
        314,
        228,
        null,
        null,
        1,
        6,
        6,
        4,
        4,
        null,
        null,
        1,
        6,
        null,
        null,
        1,
        19,
        1,
        null,
        1,
        null,
        null,
        null,
        null
      ],
      "/Users/kotohata/Dropbox/bungaku/app/models/repository_observer.rb": [
        1,
        1,
        1,
        1,
        1,
        121,
        121,
        null,
        null,
        null,
        1,
        121,
        121,
        121,
        121,
        null,
        null,
        null,
        null,
        null,
        1,
        123,
        null,
        null
      ],
      "/Users/kotohata/Dropbox/bungaku/app/models/repository_type.rb": [
        1,
        1,
        1,
        1,
        null,
        1,
        null
      ],
      "/Users/kotohata/Dropbox/bungaku/app/models/sex.rb": [
        1,
        1,
        1,
        null,
        1,
        null,
        1,
        null
      ],
      "/Users/kotohata/Dropbox/bungaku/lib/bungaku_hub/error.rb": [
        1,
        1,
        null,
        1,
        579,
        null,
        null,
        1,
        579,
        null,
        null,
        null,
        null
      ],
      "/Users/kotohata/Dropbox/bungaku/lib/bungaku_hub/git_error.rb": [
        1,
        1,
        null
      ]
    },
    "timestamp": 1355571482
  }
}
